<?xml version="1.0" encoding="UTF-8"?>
<testExecutions version="1">
  <file path="/Users/thiagonogueira/Projects/frontend-universe/lhc/src/__tests__/generatePackage.ts">
  </file>
</testExecutions>